<?xml version="1.0" encoding="UTF-8"?>
<!-- Generated by org.testng.reporters.JUnitReportReporter -->
<testsuite hostname="Admin" failures="0" tests="1" name="practice.RetryAnalyzerExample" time="16.210" errors="0" timestamp="2021-12-07T15:19:10 IST" skipped="0">
  <testcase classname="practice.RetryAnalyzerExample" name="createContact" time="16.210"/>
  <system-out/>
</testsuite> <!-- practice.RetryAnalyzerExample -->
