<?xml version="1.0" encoding="UTF-8"?>
<!-- Generated by org.testng.reporters.JUnitReportReporter -->
<testsuite hostname="Admin" failures="0" tests="1" name="com.crm.SDET25.Practice.SampleJDBCExecuteQueryFinally" time="0.673" errors="0" timestamp="2021-11-19T16:10:30 IST" skipped="0">
  <testcase classname="com.crm.SDET25.Practice.SampleJDBCExecuteQueryFinally" name="sampleJDBCExecuteQueryFinally" time="0.673"/>
  <system-out/>
</testsuite> <!-- com.crm.SDET25.Practice.SampleJDBCExecuteQueryFinally -->
