<?xml version="1.0" encoding="UTF-8"?>
<!-- Generated by org.testng.reporters.JUnitReportReporter -->
<testsuite hostname="Admin" failures="0" tests="1" name="com.crm.SDET25.Practice.jdbc.SampleJDBCExecuteQuery" time="1.484" errors="0" timestamp="2021-11-20T16:57:39 IST" skipped="0">
  <testcase classname="com.crm.SDET25.Practice.jdbc.SampleJDBCExecuteQuery" name="sampleJDBCExecuteQuery" time="1.484"/>
  <system-out/>
</testsuite> <!-- com.crm.SDET25.Practice.jdbc.SampleJDBCExecuteQuery -->
