<?xml version="1.0" encoding="UTF-8"?>
<!-- Generated by org.testng.reporters.JUnitReportReporter -->
<testsuite hostname="Admin" failures="0" tests="10" name="com.crm.SDET25.Practice.getDataFromExcel.FetchMultipleData" time="0.032" errors="0" timestamp="2021-11-25T09:54:45 IST" skipped="0">
  <testcase classname="com.crm.SDET25.Practice.getDataFromExcel.FetchMultipleData" name="getData" time="0.002"/>
  <system-out/>
  <testcase classname="com.crm.SDET25.Practice.getDataFromExcel.FetchMultipleData" name="getData" time="0.002"/>
  <system-out/>
  <testcase classname="com.crm.SDET25.Practice.getDataFromExcel.FetchMultipleData" name="getData" time="0.001"/>
  <system-out/>
  <testcase classname="com.crm.SDET25.Practice.getDataFromExcel.FetchMultipleData" name="getData" time="0.001"/>
  <system-out/>
  <testcase classname="com.crm.SDET25.Practice.getDataFromExcel.FetchMultipleData" name="getData" time="0.002"/>
  <system-out/>
  <testcase classname="com.crm.SDET25.Practice.getDataFromExcel.FetchMultipleData" name="getData" time="0.008"/>
  <system-out/>
  <testcase classname="com.crm.SDET25.Practice.getDataFromExcel.FetchMultipleData" name="getData" time="0.002"/>
  <system-out/>
  <testcase classname="com.crm.SDET25.Practice.getDataFromExcel.FetchMultipleData" name="getData" time="0.009"/>
  <system-out/>
  <testcase classname="com.crm.SDET25.Practice.getDataFromExcel.FetchMultipleData" name="getData" time="0.003"/>
  <system-out/>
  <testcase classname="com.crm.SDET25.Practice.getDataFromExcel.FetchMultipleData" name="getData" time="0.002"/>
  <system-out/>
</testsuite> <!-- com.crm.SDET25.Practice.getDataFromExcel.FetchMultipleData -->
