<?xml version="1.0" encoding="UTF-8"?>
<!-- Generated by org.testng.reporters.JUnitReportReporter -->
<testsuite hostname="Admin" failures="0" tests="1" name="com.crm.SDET25.Practice.getDataFromExcel.GetTheDataFromJsonFile" time="0.019" errors="0" timestamp="2021-11-24T20:50:16 IST" skipped="0">
  <testcase classname="com.crm.SDET25.Practice.getDataFromExcel.GetTheDataFromJsonFile" name="getData" time="0.019"/>
  <system-out/>
</testsuite> <!-- com.crm.SDET25.Practice.getDataFromExcel.GetTheDataFromJsonFile -->
