<?xml version="1.0" encoding="UTF-8"?>
<!-- Generated by org.testng.reporters.JUnitReportReporter -->
<testsuite hostname="Admin" failures="0" tests="1" name="com.crm.SDET25.Practice.handlingCalenderPopup.SelectTomorrowDate" time="11.808" errors="0" timestamp="2021-11-26T14:10:57 IST" skipped="0">
  <testcase classname="com.crm.SDET25.Practice.handlingCalenderPopup.SelectTomorrowDate" name="getDate" time="11.808"/>
  <system-out/>
</testsuite> <!-- com.crm.SDET25.Practice.handlingCalenderPopup.SelectTomorrowDate -->
