<?xml version="1.0" encoding="UTF-8"?>
<!-- Generated by org.testng.reporters.JUnitReportReporter -->
<testsuite hostname="Admin" failures="0" tests="1" name="com.crm.SDET25.Practice.readTestDataVtiger.VtigerCreateOrganizationTC003" time="23.027" errors="0" timestamp="2021-11-23T23:07:00 IST" skipped="0">
  <testcase classname="com.crm.SDET25.Practice.readTestDataVtiger.VtigerCreateOrganizationTC003" name="vtigerCreateOrganization" time="23.027"/>
  <system-out/>
</testsuite> <!-- com.crm.SDET25.Practice.readTestDataVtiger.VtigerCreateOrganizationTC003 -->
