<?xml version="1.0" encoding="UTF-8"?>
<!-- Generated by org.testng.reporters.JUnitReportReporter -->
<testsuite hostname="Admin" failures="0" tests="1" name="com.crm.SDET25.Practice.SampleJDBCExecuteUpdate" time="0.686" errors="0" timestamp="2021-11-19T14:54:35 IST" skipped="0">
  <testcase classname="com.crm.SDET25.Practice.SampleJDBCExecuteUpdate" name="sampleJDBCExecuteUpdate" time="0.686"/>
  <system-out/>
</testsuite> <!-- com.crm.SDET25.Practice.SampleJDBCExecuteUpdate -->
