<?xml version="1.0" encoding="UTF-8"?>
<!-- Generated by org.testng.reporters.JUnitReportReporter -->
<testsuite hostname="Admin" failures="0" tests="1" name="com.crm.SDET25.Practice.getDataFromExcel.GetMultipleDataFromExcel" time="0.789" errors="0" timestamp="2021-11-24T17:23:09 IST" skipped="0">
  <testcase classname="com.crm.SDET25.Practice.getDataFromExcel.GetMultipleDataFromExcel" name="GetMultipleData" time="0.789"/>
  <system-out/>
</testsuite> <!-- com.crm.SDET25.Practice.getDataFromExcel.GetMultipleDataFromExcel -->
