<?xml version="1.0" encoding="UTF-8"?>
<!-- Generated by org.testng.reporters.JUnitReportReporter -->
<testsuite hostname="Admin" failures="0" tests="1" name="com.crm.comcast.purchaseorderTest.CreatePurchaseOrderWithVendorName" time="13.008" errors="0" timestamp="2021-12-04T09:52:15 IST" skipped="0">
  <testcase classname="com.crm.comcast.purchaseorderTest.CreatePurchaseOrderWithVendorName" name="createPurchaseOrderWithVendorName" time="13.008"/>
  <system-out/>
</testsuite> <!-- com.crm.comcast.purchaseorderTest.CreatePurchaseOrderWithVendorName -->
