<?xml version="1.0" encoding="UTF-8"?>
<!-- Generated by org.testng.reporters.JUnitReportReporter -->
<testsuite hostname="Admin" failures="0" tests="1" name="com.crm.comcast.contactTest.CreateContactTest" time="16.293" errors="0" timestamp="2021-12-08T09:48:31 IST" skipped="0">
  <testcase classname="com.crm.comcast.contactTest.CreateContactTest" name="createContactWithSupportDateTest" time="16.293"/>
  <system-out/>
</testsuite> <!-- com.crm.comcast.contactTest.CreateContactTest -->
