<?xml version="1.0" encoding="UTF-8"?>
<!-- Generated by org.testng.reporters.JUnitReportReporter -->
<testsuite hostname="Admin" failures="0" tests="1" name="com.crm.SDET25.Practice.getDataFromExcel.GetDataFromExcelSheet" time="2.219" errors="0" timestamp="2021-11-23T14:53:03 IST" skipped="0">
  <testcase classname="com.crm.SDET25.Practice.getDataFromExcel.GetDataFromExcelSheet" name="getExcelData" time="2.219"/>
  <system-out/>
</testsuite> <!-- com.crm.SDET25.Practice.getDataFromExcel.GetDataFromExcelSheet -->
