<?xml version="1.0" encoding="UTF-8"?>
<!-- Generated by org.testng.reporters.JUnitReportReporter -->
<testsuite hostname="Admin" failures="0" tests="1" name="com.crm.SDET25.Practice.readTestDataVtiger.VtigerCreateOrganizationEducation" time="58.285" errors="0" timestamp="2021-11-25T11:22:24 IST" skipped="0">
  <testcase classname="com.crm.SDET25.Practice.readTestDataVtiger.VtigerCreateOrganizationEducation" name="vtigerCreateOrganization" time="58.285"/>
  <system-out/>
</testsuite> <!-- com.crm.SDET25.Practice.readTestDataVtiger.VtigerCreateOrganizationEducation -->
