<?xml version="1.0" encoding="UTF-8"?>
<!-- Generated by org.testng.reporters.JUnitReportReporter -->
<testsuite hostname="Admin" failures="0" tests="1" name="com.crm.SDET25.Practice.vtiger.VtigerCreateOrganizationEducation" time="16.955" errors="0" timestamp="2021-11-22T12:42:16 IST" skipped="0">
  <testcase classname="com.crm.SDET25.Practice.vtiger.VtigerCreateOrganizationEducation" name="vtigerCreateOrganization" time="16.955"/>
  <system-out/>
</testsuite> <!-- com.crm.SDET25.Practice.vtiger.VtigerCreateOrganizationEducation -->
