<?xml version="1.0" encoding="UTF-8"?>
<!-- Generated by org.testng.reporters.JUnitReportReporter -->
<testsuite hostname="Admin" failures="0" tests="1" name="com.crm.comcast.organaizationTest.CreateOrganizationPomTest" time="19.386" errors="0" timestamp="2021-12-04T09:52:15 IST" skipped="0">
  <testcase classname="com.crm.comcast.organaizationTest.CreateOrganizationPomTest" name="createOrganizationPomTest" time="19.386"/>
  <system-out/>
</testsuite> <!-- com.crm.comcast.organaizationTest.CreateOrganizationPomTest -->
