<?xml version="1.0" encoding="UTF-8"?>
<!-- Generated by org.testng.reporters.JUnitReportReporter -->
<testsuite hostname="Admin" failures="0" tests="1" name="com.crm.comcast.purchaseorderTest.CreatePurchaseOrderWithItem" time="25.961" errors="0" timestamp="2021-12-01T10:06:40 IST" skipped="0">
  <testcase classname="com.crm.comcast.purchaseorderTest.CreatePurchaseOrderWithItem" name="createPurchaseOrderWithItem" time="25.961"/>
  <system-out/>
</testsuite> <!-- com.crm.comcast.purchaseorderTest.CreatePurchaseOrderWithItem -->
