<?xml version="1.0" encoding="UTF-8"?>
<!-- Generated by org.testng.reporters.JUnitReportReporter -->
<testsuite hostname="Admin" failures="0" tests="1" name="com.crm.SDET25.Practice.vtiger.VtigerCreateOrganization" time="22.709" errors="0" timestamp="2021-11-23T22:56:03 IST" skipped="0">
  <testcase classname="com.crm.SDET25.Practice.vtiger.VtigerCreateOrganization" name="vtigerCreateOrganization" time="22.709"/>
  <system-out/>
</testsuite> <!-- com.crm.SDET25.Practice.vtiger.VtigerCreateOrganization -->
