<?xml version="1.0" encoding="UTF-8"?>
<!-- Generated by org.testng.reporters.JUnitReportReporter -->
<testsuite hostname="Admin" failures="0" tests="1" name="com.crm.SDET25.Practice.getDataFromXmlFile.GetTheDataFromXmlFile" time="0.011" errors="0" timestamp="2021-11-25T09:20:29 IST" skipped="0">
  <testcase classname="com.crm.SDET25.Practice.getDataFromXmlFile.GetTheDataFromXmlFile" name="getData" time="0.011"/>
  <system-out/>
</testsuite> <!-- com.crm.SDET25.Practice.getDataFromXmlFile.GetTheDataFromXmlFile -->
