<?xml version="1.0" encoding="UTF-8"?>
<!-- Generated by org.testng.reporters.JUnitReportReporter -->
<testsuite hostname="Admin" failures="0" tests="1" name="com.crm.SDET25.Practice.vtiger.VtigerCreateOrganizationTC004" time="20.083" errors="0" timestamp="2021-11-21T21:43:24 IST" skipped="0">
  <testcase classname="com.crm.SDET25.Practice.vtiger.VtigerCreateOrganizationTC004" name="vtigerCreateOrganization" time="20.083"/>
  <system-out/>
</testsuite> <!-- com.crm.SDET25.Practice.vtiger.VtigerCreateOrganizationTC004 -->
