<?xml version="1.0" encoding="UTF-8"?>
<!-- Generated by org.testng.reporters.JUnitReportReporter -->
<testsuite hostname="Admin" failures="0" tests="1" name="com.crm.comcast.organaizationTest.CreateOrganizationwithIndustryAndtypePomTest" time="19.626" errors="0" timestamp="2021-12-02T20:47:28 IST" skipped="0">
  <testcase classname="com.crm.comcast.organaizationTest.CreateOrganizationwithIndustryAndtypePomTest" name="createOrganizationPomTest" time="19.626"/>
  <system-out/>
</testsuite> <!-- com.crm.comcast.organaizationTest.CreateOrganizationwithIndustryAndtypePomTest -->
