<?xml version="1.0" encoding="UTF-8"?>
<!-- Generated by org.testng.reporters.JUnitReportReporter -->
<testsuite hostname="Admin" failures="0" tests="1" name="practice.getDataFromExcel.GetDataFromExcelSheet" time="2.058" errors="0" timestamp="2021-12-08T16:04:56 IST" skipped="0">
  <testcase classname="practice.getDataFromExcel.GetDataFromExcelSheet" name="getExcelData" time="2.058"/>
  <system-out/>
</testsuite> <!-- practice.getDataFromExcel.GetDataFromExcelSheet -->
