<?xml version="1.0" encoding="UTF-8"?>
<!-- Generated by org.testng.reporters.JUnitReportReporter -->
<testsuite hostname="Admin" failures="0" tests="1" name="com.crm.SDET25.Practice.getDataFromExcel.GetDataFromExcelSheet2" time="0.738" errors="0" timestamp="2021-11-23T15:09:13 IST" skipped="0">
  <testcase classname="com.crm.SDET25.Practice.getDataFromExcel.GetDataFromExcelSheet2" name="getExcelData" time="0.738"/>
  <system-out/>
</testsuite> <!-- com.crm.SDET25.Practice.getDataFromExcel.GetDataFromExcelSheet2 -->
