<?xml version="1.0" encoding="UTF-8"?>
<!-- Generated by org.testng.reporters.JUnitReportReporter -->
<testsuite hostname="Admin" failures="0" tests="1" name="com.crm.SDET25.Practice.getDataFromExcel.WriteTheDataIntoExcelSheet" time="0.934" errors="0" timestamp="2021-11-24T13:25:22 IST" skipped="0">
  <testcase classname="com.crm.SDET25.Practice.getDataFromExcel.WriteTheDataIntoExcelSheet" name="writeDataToExcelSheet" time="0.934"/>
  <system-out/>
</testsuite> <!-- com.crm.SDET25.Practice.getDataFromExcel.WriteTheDataIntoExcelSheet -->
