<?xml version="1.0" encoding="UTF-8"?>
<!-- Generated by org.testng.reporters.JUnitReportReporter -->
<testsuite hostname="Admin" failures="0" tests="1" name="com.crm.SDET25.Practice.getDataFromExcel.GetDataFromExcelSheet4" time="0.877" errors="0" timestamp="2021-11-23T17:47:38 IST" skipped="0">
  <testcase classname="com.crm.SDET25.Practice.getDataFromExcel.GetDataFromExcelSheet4" name="getExcelData" time="0.877"/>
  <system-out/>
</testsuite> <!-- com.crm.SDET25.Practice.getDataFromExcel.GetDataFromExcelSheet4 -->
